sample.interval=20000
"rbind" "rbind" "do.call" "merge.data.frame" "merge" "flowDom" 
"rbind" "rbind" "do.call" "merge.data.frame" "merge" "flowDom" 
"rbind" "rbind" "do.call" "merge.data.frame" "merge" "flowDom" 
"rbind" "rbind" "do.call" "merge.data.frame" "merge" "flowDom" 
"rbind" "rbind" "do.call" "merge.data.frame" "merge" "flowDom" 
"rbind" "rbind" "do.call" "merge.data.frame" "merge" "flowDom" 
"anyDuplicated.default" "anyDuplicated" "rbind" "rbind" "do.call" "merge.data.frame" "merge" "flowDom" 
"paste" "do.call" "merge.data.frame" "merge" "flowDom" 
"paste" "do.call" "merge.data.frame" "merge" "flowDom" 
"merge.data.frame" "merge" "flowDom" 
"anyDuplicated.default" "anyDuplicated" "[.data.frame" "[" "merge.data.frame" "merge" "flowDom" 
"anyDuplicated.default" "anyDuplicated" "[.data.frame" "[" "merge.data.frame" "merge" "flowDom" 
"as.character" "make.unique" "[.data.frame" "[" "merge.data.frame" "merge" "flowDom" 
"make.unique" "[.data.frame" "[" "merge.data.frame" "merge" "flowDom" 
"make.unique" "[.data.frame" "[" "merge.data.frame" "merge" "flowDom" 
"make.unique" "[.data.frame" "[" "merge.data.frame" "merge" "flowDom" 
"make.unique" "[.data.frame" "[" "merge.data.frame" "merge" "flowDom" 
"is.na<-.default" "is.na<-" "merge.data.frame" "merge" "flowDom" 
"is.na<-.default" "is.na<-" "merge.data.frame" "merge" "flowDom" 
"is.na<-.default" "is.na<-" "merge.data.frame" "merge" "flowDom" 
"is.na<-.default" "is.na<-" "merge.data.frame" "merge" "flowDom" 
"is.na<-.default" "is.na<-" "merge.data.frame" "merge" "flowDom" 
"is.na<-.default" "is.na<-" "merge.data.frame" "merge" "flowDom" 
"data.frame" "cbind" "cbind" "merge.data.frame" "merge" "flowDom" 
"data.frame" "cbind" "cbind" "merge.data.frame" "merge" "flowDom" 
"anyDuplicated.default" "anyDuplicated" "data.row.names" "data.frame" "cbind" "cbind" "merge.data.frame" "merge" "flowDom" 
"anyDuplicated.default" "anyDuplicated" "data.row.names" "data.frame" "cbind" "cbind" "merge.data.frame" "merge" "flowDom" 
"anyDuplicated.default" "anyDuplicated" "data.frame" "cbind" "cbind" "merge.data.frame" "merge" "flowDom" 
"anyDuplicated.default" "anyDuplicated" "data.frame" "cbind" "cbind" "merge.data.frame" "merge" "flowDom" 
"order" "do.call" "[.data.frame" "[" "merge.data.frame" "merge" "flowDom" 
"order" "do.call" "[.data.frame" "[" "merge.data.frame" "merge" "flowDom" 
"order" "do.call" "[.data.frame" "[" "merge.data.frame" "merge" "flowDom" 
"order" "do.call" "[.data.frame" "[" "merge.data.frame" "merge" "flowDom" 
"order" "do.call" "[.data.frame" "[" "merge.data.frame" "merge" "flowDom" 
"order" "do.call" "[.data.frame" "[" "merge.data.frame" "merge" "flowDom" 
"order" "do.call" "[.data.frame" "[" "merge.data.frame" "merge" "flowDom" 
"order" "do.call" "[.data.frame" "[" "merge.data.frame" "merge" "flowDom" 
"order" "do.call" "[.data.frame" "[" "merge.data.frame" "merge" "flowDom" 
"order" "do.call" "[.data.frame" "[" "merge.data.frame" "merge" "flowDom" 
"order" "do.call" "[.data.frame" "[" "merge.data.frame" "merge" "flowDom" 
"order" "do.call" "[.data.frame" "[" "merge.data.frame" "merge" "flowDom" 
"order" "do.call" "[.data.frame" "[" "merge.data.frame" "merge" "flowDom" 
"order" "do.call" "[.data.frame" "[" "merge.data.frame" "merge" "flowDom" 
"order" "do.call" "[.data.frame" "[" "merge.data.frame" "merge" "flowDom" 
"order" "do.call" "[.data.frame" "[" "merge.data.frame" "merge" "flowDom" 
"order" "do.call" "[.data.frame" "[" "merge.data.frame" "merge" "flowDom" 
"order" "do.call" "[.data.frame" "[" "merge.data.frame" "merge" "flowDom" 
"order" "do.call" "[.data.frame" "[" "merge.data.frame" "merge" "flowDom" 
"order" "do.call" "[.data.frame" "[" "merge.data.frame" "merge" "flowDom" 
"order" "do.call" "[.data.frame" "[" "merge.data.frame" "merge" "flowDom" 
"order" "do.call" "[.data.frame" "[" "merge.data.frame" "merge" "flowDom" 
"order" "do.call" "[.data.frame" "[" "merge.data.frame" "merge" "flowDom" 
"order" "do.call" "[.data.frame" "[" "merge.data.frame" "merge" "flowDom" 
"order" "do.call" "[.data.frame" "[" "merge.data.frame" "merge" "flowDom" 
"order" "do.call" "[.data.frame" "[" "merge.data.frame" "merge" "flowDom" 
"order" "do.call" "[.data.frame" "[" "merge.data.frame" "merge" "flowDom" 
"order" "do.call" "[.data.frame" "[" "merge.data.frame" "merge" "flowDom" 
"order" "do.call" "[.data.frame" "[" "merge.data.frame" "merge" "flowDom" 
"order" "do.call" "[.data.frame" "[" "merge.data.frame" "merge" "flowDom" 
"order" "do.call" "[.data.frame" "[" "merge.data.frame" "merge" "flowDom" 
"order" "do.call" "[.data.frame" "[" "merge.data.frame" "merge" "flowDom" 
"order" "do.call" "[.data.frame" "[" "merge.data.frame" "merge" "flowDom" 
"order" "do.call" "[.data.frame" "[" "merge.data.frame" "merge" "flowDom" 
"order" "do.call" "[.data.frame" "[" "merge.data.frame" "merge" "flowDom" 
"order" "do.call" "[.data.frame" "[" "merge.data.frame" "merge" "flowDom" 
"order" "do.call" "[.data.frame" "[" "merge.data.frame" "merge" "flowDom" 
"order" "do.call" "[.data.frame" "[" "merge.data.frame" "merge" "flowDom" 
"anyDuplicated.default" "anyDuplicated" "[.data.frame" "[" "merge.data.frame" "merge" "flowDom" 
"unique.default" "unique" "sort" "id_var" "FUN" "lapply" "cast" "<Anonymous>" "flowDom" 
"structure" "cast" "<Anonymous>" "flowDom" 
"duplicated.default" "duplicated" "which" "<Anonymous>" "mapply" "cast" "<Anonymous>" "flowDom" 
"duplicated.default" "duplicated" "which" "<Anonymous>" "mapply" "cast" "<Anonymous>" "flowDom" 
"duplicated.default" "duplicated" "which" "<Anonymous>" "mapply" "cast" "<Anonymous>" "flowDom" 
"duplicated.default" "duplicated" "which" "<Anonymous>" "mapply" "cast" "<Anonymous>" "flowDom" 
"duplicated.default" "duplicated" "which" "<Anonymous>" "mapply" "cast" "<Anonymous>" "flowDom" 
"duplicated.default" "duplicated" "cast" "<Anonymous>" "flowDom" 
"duplicated.default" "duplicated" "cast" "<Anonymous>" "flowDom" 
".Call" "split_indices" "vaggregate" "cast" "<Anonymous>" "flowDom" 
"FUN" "vapply" "vaggregate" "cast" "<Anonymous>" "flowDom" 
"FUN" "vapply" "vaggregate" "cast" "<Anonymous>" "flowDom" 
".fun" "FUN" "vapply" "vaggregate" "cast" "<Anonymous>" "flowDom" 
"FUN" "vapply" "vaggregate" "cast" "<Anonymous>" "flowDom" 
".fun" "FUN" "vapply" "vaggregate" "cast" "<Anonymous>" "flowDom" 
".fun" "FUN" "vapply" "vaggregate" "cast" "<Anonymous>" "flowDom" 
".fun" "FUN" "vapply" "vaggregate" "cast" "<Anonymous>" "flowDom" 
"FUN" "vapply" "vaggregate" "cast" "<Anonymous>" "flowDom" 
"vapply" "vaggregate" "cast" "<Anonymous>" "flowDom" 
".fun" "FUN" "vapply" "vaggregate" "cast" "<Anonymous>" "flowDom" 
"FUN" "vapply" "vaggregate" "cast" "<Anonymous>" "flowDom" 
"FUN" "vapply" "vaggregate" "cast" "<Anonymous>" "flowDom" 
"FUN" "vapply" "vaggregate" "cast" "<Anonymous>" "flowDom" 
"aperm.default" "aperm" "apply" "flowDom" 
"flowDom" 
"==" "flowDom" 
"flowDom" 
"flowDom" 
"==" "flowDom" 
"flowDom" 
"flowDom" 
"flowDom" 
"flowDom" 
"flowDom" 
"flowDom" 
"flowDom" 
"==" "flowDom" 
"flowDom" 
"flowDom" 
"flowDom" 
"as.character" "flowDom" 
"as.character" "flowDom" 
"as.character" "flowDom" 
"grepl" "addParaBreaks" "writeLines" "writeLinesUTF8" "of1" "writeBlock" "writeContent" "writeSection" "Rd2HTML" "<Anonymous>" "doTryCatch" "tryCatchOne" "tryCatchList" "tryCatch" "try" 
"grepl" "ifelse" "urlify" "paste0" "writeLink" "writeBlock" "writeContent" "writeWrapped" "writeBlock" "writeContent" "writeSection" "Rd2HTML" "<Anonymous>" "doTryCatch" "tryCatchOne" "tryCatchList" "tryCatch" "try" 
"ls" "FUN" "lapply" ".rs.objectsOnSearchPath" ".rs.getCompletionsSearchPath" "Reduce" "<Anonymous>" 
".rs.getCompletionType" "doTryCatch" "tryCatchOne" "tryCatchList" "tryCatch" "FUN" "vapply" ".rs.getCompletionsSearchPath" "Reduce" "<Anonymous>" 
"formals" "as.list" ".rs.getHelpFromObject" ".rs.getHelpFunction" "<Anonymous>" 
"match" "%in%" ".rs.getHelpFromObject" ".rs.getHelpFunction" "<Anonymous>" 
"do.call" "doTryCatch" "tryCatchOne" "tryCatchList" "tryCatch" ".rs.getHelpFromObject" ".rs.getHelpFunction" "<Anonymous>" 
"read.dcf" "doTryCatch" "tryCatchOne" "tryCatchList" "tryCatch" ".read_description" "Rd2HTML" "<Anonymous>" ".rs.getHelp" ".rs.getHelpFromObject" ".rs.getHelpFunction" "<Anonymous>" 
"writeContent" "writeSection" "Rd2HTML" "<Anonymous>" ".rs.getHelp" ".rs.getHelpFromObject" ".rs.getHelpFunction" "<Anonymous>" 
"do.call" "doTryCatch" "tryCatchOne" "tryCatchList" "tryCatch" ".rs.getHelpFromObject" ".rs.getHelpFunction" "<Anonymous>" 
"readRDS" "lazyLoadDBexec" "<Anonymous>" "<Anonymous>" "prepare_Rd" "Rd2HTML" "<Anonymous>" ".rs.getHelp" ".rs.getHelpFromObject" ".rs.getHelpFunction" "<Anonymous>" 
"writeLines" "writeLinesUTF8" "of1" "writeLR" "writeBlock" "writeContent" "writeSection" "Rd2HTML" "<Anonymous>" ".rs.getHelp" ".rs.getHelpFromObject" ".rs.getHelpFunction" "<Anonymous>" 
"readLines" "summaryRprof" 
"ls" "FUN" "lapply" ".rs.objectsOnSearchPath" ".rs.getCompletionsSearchPath" "Reduce" "<Anonymous>" 
"tryCatch" ".rs.getHelpFromObject" ".rs.getHelpFunction" "<Anonymous>" 
"do.call" "doTryCatch" "tryCatchOne" "tryCatchList" "tryCatch" ".rs.getHelpFromObject" ".rs.getHelpFunction" "<Anonymous>" 
"gzfile" "readRDS" "index.search" "<Anonymous>" "eval" "eval" "doTryCatch" "tryCatchOne" "tryCatchList" "tryCatch" ".rs.getHelp" ".rs.getHelpFromObject" ".rs.getHelpFunction" "<Anonymous>" 
"unique.default" "unique" "simplify2array" "sapply" "RdTags" "writeContent" "writeWrapped" "writeBlock" "writeContent" "writeContent" "writeSection" "Rd2HTML" "<Anonymous>" ".rs.getHelp" ".rs.getHelpFromObject" ".rs.getHelpFunction" "<Anonymous>" 
"match" "%in%" "writeBlock" "writeContent" "writeSection" "Rd2HTML" "<Anonymous>" ".rs.getHelp" ".rs.getHelpFromObject" ".rs.getHelpFunction" "<Anonymous>" 
"order" ".rs.getCompletionsSearchPath" "Reduce" "<Anonymous>" 
"lazyLoadDBfetch" "get" "inherits" ".rs.getCompletionType" "doTryCatch" "tryCatchOne" "tryCatchList" "tryCatch" "FUN" "vapply" ".rs.getCompletionsSearchPath" "Reduce" "<Anonymous>" 
"lazyLoadDBfetch" "mget" "doTryCatch" "tryCatchOne" "tryCatchList" "tryCatch" ".rs.getHelpFromObject" ".rs.getHelpFunction" "<Anonymous>" 
"grepl" "<Anonymous>" ".rs.getHelp" "<Anonymous>" 
"<Anonymous>" "do.call" "doTryCatch" "tryCatchOne" "tryCatchList" "tryCatch" ".rs.getHelpFromObject" ".rs.getHelpFunction" "<Anonymous>" 
"readRDS" "<Anonymous>" ".rs.getHelp" ".rs.getHelpFromObject" ".rs.getHelpFunction" "<Anonymous>" 
"mget" "doTryCatch" "tryCatchOne" "tryCatchList" "tryCatch" ".rs.getHelpFromObject" ".rs.getHelpFunction" "<Anonymous>" 
"::" "do.call" "doTryCatch" "tryCatchOne" "tryCatchList" "tryCatch" ".rs.getHelpFromObject" ".rs.getHelpFunction" "<Anonymous>" 
"structure" "grep" "isBlankRd" "writeWrapped" "writeBlock" "writeContent" "writeSection" "Rd2HTML" "<Anonymous>" ".rs.getHelp" ".rs.getHelpFromObject" ".rs.getHelpFunction" "<Anonymous>" 
"duplicated.default" "duplicated" "which" "as.vector" "intersect" ".rs.appendCompletions" ".rs.getRCompletions" ".rs.appendCompletions" "<Anonymous>" 
".rs.getHelpFromObject" ".rs.getHelpArgument" "<Anonymous>" 
"<Anonymous>" "mime_canonical_encoding" "paste0" "writeLines" "writeLinesUTF8" "of0" "Rd2HTML" "<Anonymous>" ".rs.getHelp" ".rs.getHelpFromObject" ".rs.getHelpArgument" "<Anonymous>" 
"objects" ".rs.getHelpFromObject" ".rs.getHelpFunction" "<Anonymous>" 
"isBaseNamespace" "getExportedValue" "::" "formals" "as.list" ".rs.getHelpFromObject" ".rs.getHelpFunction" "<Anonymous>" 
"[[.data.frame" "[[" "$.data.frame" "$" "sub" "<Anonymous>" ".rs.getHelp" ".rs.getHelpFromObject" ".rs.getHelpFunction" "<Anonymous>" 
"writeLines" "writeLinesUTF8" "of1" "writeBlock" "writeContent" "writeSection" "Rd2HTML" "<Anonymous>" ".rs.getHelp" ".rs.getHelpFromObject" ".rs.getHelpFunction" "<Anonymous>" 
"lazyLoadDBfetch" "mget" "doTryCatch" "tryCatchOne" "tryCatchList" "tryCatch" ".rs.getHelpFromObject" ".rs.getHelpFunction" "<Anonymous>" 
"lazyLoadDBfetch" "mget" "doTryCatch" "tryCatchOne" "tryCatchList" "tryCatch" ".rs.getHelpFromObject" ".rs.getHelpFunction" "<Anonymous>" 
"lazyLoadDBfetch" "mget" "doTryCatch" "tryCatchOne" "tryCatchList" "tryCatch" ".rs.getHelpFromObject" ".rs.getHelpFunction" "<Anonymous>" 
"lazyLoadDBfetch" "mget" "doTryCatch" "tryCatchOne" "tryCatchList" "tryCatch" ".rs.getHelpFromObject" ".rs.getHelpFunction" "<Anonymous>" 
"lazyLoadDBfetch" "mget" "doTryCatch" "tryCatchOne" "tryCatchList" "tryCatch" ".rs.getHelpFromObject" ".rs.getHelpFunction" "<Anonymous>" 
"as.list.default" "as.list" ".rs.getHelpFromObject" ".rs.getHelpFunction" "<Anonymous>" 
"as.list" ".rs.getHelpFromObject" ".rs.getHelpFunction" "<Anonymous>" 
"lazyLoadDBfetch" "writeContent" "writeSection" "Rd2HTML" "<Anonymous>" ".rs.getHelp" ".rs.getHelpFromObject" ".rs.getHelpFunction" "<Anonymous>" 
"ls" "FUN" "lapply" ".rs.objectsOnSearchPath" ".rs.getCompletionsSearchPath" "Reduce" "<Anonymous>" 
"withCallingHandlers" "suppressWarnings" "<Anonymous>" 
"save" "withCallingHandlers" "suppressWarnings" "<Anonymous>" 
"makeRestartList" "withRestarts" ".signalSimpleWarning" "rm" "withCallingHandlers" "suppressWarnings" "<Anonymous>" 
